<?xml version="1.0" encoding="UTF-8"?>
<testng-results total="1" passed="1" failed="0" skipped="0">
  <reporter-output>
  </reporter-output>
  <suite started-at="2022-11-12T03:50:04Z" name="Default suite" finished-at="2022-11-12T03:50:28Z" duration-ms="24086">
    <groups>
      <group name="cucumber">
        <method signature="AbstractTestNGCucumberTests.runScenario(io.cucumber.testng.PickleWrapper, io.cucumber.testng.FeatureWrapper)[pri:0, instance:runner.test_runner_skillrary@327af41b]" name="runScenario" class="io.cucumber.testng.AbstractTestNGCucumberTests"/>
      </group> <!-- cucumber -->
    </groups>
    <test started-at="2022-11-12T03:50:04Z" name="Default test" finished-at="2022-11-12T03:50:28Z" duration-ms="24086">
      <class name="runner.test_runner_skillrary">
        <test-method is-config="true" signature="setUpClass(org.testng.ITestContext)[pri:0, instance:runner.test_runner_skillrary@327af41b]" started-at="2022-11-12T09:20:04Z" name="setUpClass" finished-at="2022-11-12T09:20:04Z" duration-ms="459" status="PASS">
          <params>
            <param index="0">
              <value>
                <![CDATA[org.testng.TestRunner@690bc15e]]>
              </value>
            </param>
          </params>
          <reporter-output>
          </reporter-output>
        </test-method> <!-- setUpClass -->
        <test-method signature="runScenario(io.cucumber.testng.PickleWrapper, io.cucumber.testng.FeatureWrapper)[pri:0, instance:runner.test_runner_skillrary@327af41b]" started-at="2022-11-12T09:20:04Z" name="runScenario" description="Runs Cucumber Scenarios" data-provider="scenarios" finished-at="2022-11-12T09:20:28Z" duration-ms="23577" status="PASS">
          <params>
            <param index="0">
              <value>
                <![CDATA["To test login feature"]]>
              </value>
            </param>
            <param index="1">
              <value>
                <![CDATA["Optional[Test SkillRary]"]]>
              </value>
            </param>
          </params>
          <reporter-output>
          </reporter-output>
        </test-method> <!-- runScenario -->
        <test-method is-config="true" signature="tearDownClass()[pri:0, instance:runner.test_runner_skillrary@327af41b]" started-at="2022-11-12T09:20:28Z" name="tearDownClass" finished-at="2022-11-12T09:20:28Z" duration-ms="20" status="PASS">
          <reporter-output>
          </reporter-output>
        </test-method> <!-- tearDownClass -->
      </class> <!-- runner.test_runner_skillrary -->
    </test> <!-- Default test -->
  </suite> <!-- Default suite -->
</testng-results>
